<?xml version="1.0" encoding="UTF-8"?>
<!-- Generated by org.testng.reporters.JUnitReportReporter -->
<testsuite hostname="unknownA483E7E2A077" failures="0" tests="1" name="remoteTesting.dockerValidation.chromeTest2" time="3.621" errors="0" timestamp="29 Apr 2020 15:51:43 GMT" skipped="0">
  <testcase classname="remoteTesting.dockerValidation.chromeTest2" name="test2" time="3.621"/>
</testsuite> <!-- remoteTesting.dockerValidation.chromeTest2 -->
